# JRE version: Java(TM) SE Runtime Environment (20.0.1+9) (build 20.0.1+9-29)
# Java VM: Java HotSpot(TM) 64-Bit Server VM (20.0.1+9-29, mixed mode, sharing, tiered, compressed oops, compressed class ptrs, g1 gc, windows-amd64)
GC Precious Log:
 CardTable entry size: 512
 Card Set container configuration: InlinePtr #cards 5 size 8 Array Of Cards #cards 12 size 40 Howl #buckets 4 coarsen threshold 1843 Howl Bitmap #cards 512 size 80 coarsen threshold 460 Card regions per heap region 1 cards per card region 2048
 CPUs: 2 total, 2 available
 Memory: 2047M
 Large Page Support: Disabled
 NUMA Support: Disabled
 Compressed Oops: Enabled (32-bit)
 Heap Region Size: 1M
 Heap Min Capacity: 8M
 Heap Initial Capacity: 32M
 Heap Max Capacity: 512M
 Pre-touch: Disabled
 Parallel Workers: 2
 Concurrent Workers: 1
 Concurrent Refinement Workers: 2
 Periodic GC: Disabled
Heap:
 garbage-first heap   total 306176K, used 212057K [0x00000000e0000000, 0x0000000100000000)
  region size 1024K, 7 young (7168K), 6 survivors (6144K)
 Metaspace       used 466K, committed 640K, reserved 1114112K
  class space    used 28K, committed 128K, reserved 1048576K
GC Heap History (20 events):
Event: 7.950 GC heap before
{Heap before GC invocations=4 (full 0):
 garbage-first heap   total 32768K, used 24932K [0x00000000e0000000, 0x0000000100000000)
  region size 1024K, 7 young (7168K), 1 survivors (1024K)
 Metaspace       used 466K, committed 640K, reserved 1114112K
  class space    used 28K, committed 128K, reserved 1048576K
}
Event: 7.957 GC heap after
{Heap after GC invocations=5 (full 0):
 garbage-first heap   total 33792K, used 25956K [0x00000000e0000000, 0x0000000100000000)
  region size 1024K, 1 young (1024K), 1 survivors (1024K)
 Metaspace       used 466K, committed 640K, reserved 1114112K
  class space    used 28K, committed 128K, reserved 1048576K
}
Event: 7.964 GC heap before
{Heap before GC invocations=6 (full 0):
 garbage-first heap   total 46080K, used 28004K [0x00000000e0000000, 0x0000000100000000)
  region size 1024K, 4 young (4096K), 1 survivors (1024K)
 Metaspace       used 466K, committed 640K, reserved 1114112K
  class space    used 28K, committed 128K, reserved 1048576K
}
Event: 7.965 GC heap after
{Heap after GC invocations=7 (full 0):
 garbage-first heap   total 46080K, used 29028K [0x00000000e0000000, 0x0000000100000000)
  region size 1024K, 1 young (1024K), 1 survivors (1024K)
 Metaspace       used 466K, committed 640K, reserved 1114112K
  class space    used 28K, committed 128K, reserved 1048576K
}
Event: 7.968 GC heap before
{Heap before GC invocations=7 (full 0):
 garbage-first heap   total 46080K, used 35172K [0x00000000e0000000, 0x0000000100000000)
  region size 1024K, 8 young (8192K), 1 survivors (1024K)
 Metaspace       used 466K, committed 640K, reserved 1114112K
  class space    used 28K, committed 128K, reserved 1048576K
}
Event: 7.972 GC heap after
{Heap after GC invocations=8 (full 0):
 garbage-first heap   total 138240K, used 36196K [0x00000000e0000000, 0x0000000100000000)
  region size 1024K, 1 young (1024K), 1 survivors (1024K)
 Metaspace       used 466K, committed 640K, reserved 1114112K
  class space    used 28K, committed 128K, reserved 1048576K
}
Event: 7.985 GC heap before
{Heap before GC invocations=9 (full 0):
 garbage-first heap   total 126976K, used 60772K [0x00000000e0000000, 0x0000000100000000)
  region size 1024K, 26 young (26624K), 1 survivors (1024K)
 Metaspace       used 466K, committed 640K, reserved 1114112K
  class space    used 28K, committed 128K, reserved 1048576K
}
Event: 7.992 GC heap after
{Heap after GC invocations=10 (full 0):
 garbage-first heap   total 126976K, used 61618K [0x00000000e0000000, 0x0000000100000000)
  region size 1024K, 4 young (4096K), 4 survivors (4096K)
 Metaspace       used 466K, committed 640K, reserved 1114112K
  class space    used 28K, committed 128K, reserved 1048576K
}
Event: 7.995 GC heap before
{Heap before GC invocations=10 (full 0):
 garbage-first heap   total 126976K, used 81074K [0x00000000e0000000, 0x0000000100000000)
  region size 1024K, 23 young (23552K), 4 survivors (4096K)
 Metaspace       used 466K, committed 640K, reserved 1114112K
  class space    used 28K, committed 128K, reserved 1048576K
}
Event: 8.017 GC heap after
{Heap after GC invocations=11 (full 0):
 garbage-first heap   total 126976K, used 81074K [0x00000000e0000000, 0x0000000100000000)
  region size 1024K, 3 young (3072K), 3 survivors (3072K)
 Metaspace       used 466K, committed 640K, reserved 1114112K
  class space    used 28K, committed 128K, reserved 1048576K
}
Event: 8.026 GC heap before
{Heap before GC invocations=11 (full 0):
 garbage-first heap   total 126976K, used 94386K [0x00000000e0000000, 0x0000000100000000)
  region size 1024K, 16 young (16384K), 3 survivors (3072K)
 Metaspace       used 466K, committed 640K, reserved 1114112K
  class space    used 28K, committed 128K, reserved 1048576K
}
Event: 8.063 GC heap after
{Heap after GC invocations=12 (full 0):
 garbage-first heap   total 126976K, used 94386K [0x00000000e0000000, 0x0000000100000000)
  region size 1024K, 2 young (2048K), 2 survivors (2048K)
 Metaspace       used 466K, committed 640K, reserved 1114112K
  class space    used 28K, committed 128K, reserved 1048576K
}
Event: 8.126 GC heap before
{Heap before GC invocations=13 (full 0):
 garbage-first heap   total 160768K, used 102578K [0x00000000e0000000, 0x0000000100000000)
  region size 1024K, 11 young (11264K), 2 survivors (2048K)
 Metaspace       used 466K, committed 640K, reserved 1114112K
  class space    used 28K, committed 128K, reserved 1048576K
}
Event: 8.144 GC heap after
{Heap after GC invocations=14 (full 0):
 garbage-first heap   total 160768K, used 103602K [0x00000000e0000000, 0x0000000100000000)
  region size 1024K, 2 young (2048K), 2 survivors (2048K)
 Metaspace       used 466K, committed 640K, reserved 1114112K
  class space    used 28K, committed 128K, reserved 1048576K
}
Event: 8.180 GC heap before
{Heap before GC invocations=14 (full 0):
 garbage-first heap   total 160768K, used 119986K [0x00000000e0000000, 0x0000000100000000)
  region size 1024K, 18 young (18432K), 2 survivors (2048K)
 Metaspace       used 466K, committed 640K, reserved 1114112K
  class space    used 28K, committed 128K, reserved 1048576K
}
Event: 8.200 GC heap after
{Heap after GC invocations=15 (full 0):
 garbage-first heap   total 306176K, used 119986K [0x00000000e0000000, 0x0000000100000000)
  region size 1024K, 3 young (3072K), 3 survivors (3072K)
 Metaspace       used 466K, committed 640K, reserved 1114112K
  class space    used 28K, committed 128K, reserved 1048576K
}
Event: 8.458 GC heap before
{Heap before GC invocations=16 (full 0):
 garbage-first heap   total 306176K, used 170162K [0x00000000e0000000, 0x0000000100000000)
  region size 1024K, 53 young (54272K), 3 survivors (3072K)
 Metaspace       used 466K, committed 640K, reserved 1114112K
  class space    used 28K, committed 128K, reserved 1048576K
}
Event: 8.555 GC heap after
{Heap after GC invocations=17 (full 0):
 garbage-first heap   total 306176K, used 171142K [0x00000000e0000000, 0x0000000100000000)
  region size 1024K, 7 young (7168K), 7 survivors (7168K)
 Metaspace       used 466K, committed 640K, reserved 1114112K
  class space    used 28K, committed 128K, reserved 1048576K
}
Event: 8.569 GC heap before
{Heap before GC invocations=17 (full 0):
 garbage-first heap   total 306176K, used 211078K [0x00000000e0000000, 0x0000000100000000)
  region size 1024K, 47 young (48128K), 7 survivors (7168K)
 Metaspace       used 466K, committed 640K, reserved 1114112K
  class space    used 28K, committed 128K, reserved 1048576K
}
Event: 8.696 GC heap after
{Heap after GC invocations=18 (full 0):
 garbage-first heap   total 306176K, used 212057K [0x00000000e0000000, 0x0000000100000000)
  region size 1024K, 6 young (6144K), 6 survivors (6144K)
 Metaspace       used 466K, committed 640K, reserved 1114112K
  class space    used 28K, committed 128K, reserved 1048576K
}

